<?xml version="1.0" encoding="UTF-8"?>
<robot generator="Robot 5.0.1 (Python 3.8.2 on darwin)" generated="20220728 14:37:08.626" rpa="false" schemaversion="3">
<suite id="s1" name="Test Chrome" source="/Users/yana/Documents/RobotFramework/Tests/test_chrome.robot">
<test id="s1-t1" name="Verify search functionality" line="5">
<kw name="Open Browser" library="SeleniumLibrary">
<arg>https://google.com</arg>
<arg>chrome</arg>
<doc>Opens a new browser instance to the optional ``url``.</doc>
<msg timestamp="20220728 14:37:08.874" level="INFO">Opening browser 'chrome' to base url 'https://google.com'.</msg>
<status status="PASS" starttime="20220728 14:37:08.874" endtime="20220728 14:37:12.723"/>
</kw>
<kw name="Press Keys" library="SeleniumLibrary">
<arg>//*[@id="L2AGLb"]/div</arg>
<arg>[Return]</arg>
<doc>Simulates the user pressing key(s) to an element or on the active browser.</doc>
<msg timestamp="20220728 14:37:12.726" level="INFO">Sending key(s) ('[Return]',) to //*[@id="L2AGLb"]/div element.</msg>
<msg timestamp="20220728 14:37:13.057" level="INFO">Sending keys [Return]</msg>
<status status="PASS" starttime="20220728 14:37:12.724" endtime="20220728 14:37:13.161"/>
</kw>
<kw name="Input Text" library="SeleniumLibrary">
<arg>//input[@class="gLFyf gsfi"]</arg>
<arg>Slovakia+ENTER</arg>
<doc>Types the given ``text`` into the text field identified by ``locator``.</doc>
<msg timestamp="20220728 14:37:13.162" level="INFO">Typing text 'Slovakia+ENTER' into text field '//input[@class="gLFyf gsfi"]'.</msg>
<status status="PASS" starttime="20220728 14:37:13.162" endtime="20220728 14:37:13.533"/>
</kw>
<kw name="Page Should Contain" library="SeleniumLibrary">
<arg>Slovakia - Wikipedia</arg>
<doc>Verifies that current page contains ``text``.</doc>
<msg timestamp="20220728 14:37:14.006" level="INFO" html="true">&lt;/td&gt;&lt;/tr&gt;&lt;tr&gt;&lt;td colspan="3"&gt;&lt;a href="selenium-screenshot-20.png"&gt;&lt;img src="selenium-screenshot-20.png" width="800px"&gt;&lt;/a&gt;</msg>
<msg timestamp="20220728 14:37:14.007" level="FAIL">Page should have contained text 'Slovakia - Wikipedia' but did not.</msg>
<status status="FAIL" starttime="20220728 14:37:13.534" endtime="20220728 14:37:14.013"/>
</kw>
<kw name="Close Browser" library="SeleniumLibrary">
<doc>Closes the current browser.</doc>
<status status="NOT RUN" starttime="20220728 14:37:14.014" endtime="20220728 14:37:14.014"/>
</kw>
<tag>Functionality</tag>
<status status="FAIL" starttime="20220728 14:37:08.872" endtime="20220728 14:37:14.014">Page should have contained text 'Slovakia - Wikipedia' but did not.</status>
</test>
<status status="FAIL" starttime="20220728 14:37:08.628" endtime="20220728 14:37:14.015"/>
</suite>
<statistics>
<total>
<stat pass="0" fail="1" skip="0">All Tests</stat>
</total>
<tag>
<stat pass="0" fail="1" skip="0">Functionality</stat>
</tag>
<suite>
<stat pass="0" fail="1" skip="0" id="s1" name="Test Chrome">Test Chrome</stat>
</suite>
</statistics>
<errors>
</errors>
</robot>
